
Showing logs for build [32mcb-kubecd-bdd-gh-1586076068-pr-zxp99-1[0m stage [32mfrom-build-pack[0m and container [32mstep-credential-initializer-mn46v[0m
{"level":"warn","ts":1586077220.331125,"logger":"fallback-logger","caller":"logging/config.go:69","msg":"Fetch GitHub commit ID from kodata failed: \"ref: refs/heads/0.8.0-**-support-backwards-incompats\" is not a valid GitHub commit ID"}
{"level":"info","ts":1586077220.3316567,"logger":"fallback-logger","caller":"creds-init/main.go:40","msg":"Credentials initialized."}

Showing logs for build [32mcb-kubecd-bdd-gh-1586076068-pr-zxp99-1[0m stage [32mfrom-build-pack[0m and container [32mstep-working-dir-initializer-2d4v4[0m
{"level":"warn","ts":1586077221.2432215,"logger":"fallback-logger","caller":"logging/config.go:69","msg":"Fetch GitHub commit ID from kodata failed: open /var/run/ko/HEAD: no such file or directory"}
{"level":"info","ts":1586077221.2473483,"logger":"fallback-logger","caller":"bash/main.go:64","msg":"Successfully executed command \"sh -c mkdir -p /workspace/source\"; output "}

Showing logs for build [32mcb-kubecd-bdd-gh-1586076068-pr-zxp99-1[0m stage [32mfrom-build-pack[0m and container [32mstep-place-tools[0m

Showing logs for build [32mcb-kubecd-bdd-gh-1586076068-pr-zxp99-1[0m stage [32mfrom-build-pack[0m and container [32mstep-git-source-cb-kubecd-bdd-gh-1586076068-pr-zxp99-s8sst[0m
{"level":"warn","ts":1586077228.7237048,"logger":"fallback-logger","caller":"logging/config.go:69","msg":"Fetch GitHub commit ID from kodata failed: \"ref: refs/heads/0.8.0-**-support-backwards-incompats\" is not a valid GitHub commit ID"}
{"level":"info","ts":1586077229.8208475,"logger":"fallback-logger","caller":"git/git.go:103","msg":"Successfully cloned https://github.com/cb-kubecd/bdd-gh-1586076068.git @ master in path /workspace/source"}

Showing logs for build [32mcb-kubecd-bdd-gh-1586076068-pr-zxp99-1[0m stage [32mfrom-build-pack[0m and container [32mstep-git-merge[0m
Using SHAs from PULL_REFS=master:105932e3fe6d382ce0831f1ef37274b0ac23b3a5,1:9ff80fe0a7fb3dc2cc197e89e9ee287327200663
DEBUG: LC_ALL=C JX_LOG_LEVEL=error git fetch origin --unshallow 9ff80fe0a7fb3dc2cc197e89e9ee287327200663: 105932e3fe6d382ce0831f1ef37274b0ac23b3a5:
DEBUG: ran git fetch --unshallow origin 9ff80fe0a7fb3dc2cc197e89e9ee287327200663: 105932e3fe6d382ce0831f1ef37274b0ac23b3a5: in 
DEBUG: LC_ALL=C JX_LOG_LEVEL=error git branch
DEBUG: LC_ALL=C JX_LOG_LEVEL=error git checkout master
DEBUG: ran git checkout master in 
DEBUG: LC_ALL=C JX_LOG_LEVEL=error git reset --hard 105932e3fe6d382ce0831f1ef37274b0ac23b3a5
DEBUG: ran git reset --hard 105932e3fe6d382ce0831f1ef37274b0ac23b3a5 in 
DEBUG: LC_ALL=C JX_LOG_LEVEL=error git clean -fd .
DEBUG: ran clean --force -d . in 
DEBUG: LC_ALL=C JX_LOG_LEVEL=error git merge 9ff80fe0a7fb3dc2cc197e89e9ee287327200663
DEBUG: ran git merge 9ff80fe0a7fb3dc2cc197e89e9ee287327200663 in 
DEBUG: LC_ALL=C JX_LOG_LEVEL=error git log --format=%H%x1f%an%x1f%ae%x1f%cn%x1f%ce%x1f%s%n%b%x1e 105932e3fe6d382ce0831f1ef37274b0ac23b3a5..HEAD
Merged SHA 9ff80fe0a7fb3dc2cc197e89e9ee287327200663 with commit message 'My first PR commit' into base branch master

Showing logs for build [32mcb-kubecd-bdd-gh-1586076068-pr-zxp99-1[0m stage [32mfrom-build-pack[0m and container [32mstep-build-make-linux[0m
CGO_ENABLED=0 GOOS=linux GOARCH=amd64 GO15VENDOREXPERIMENT=1 go build -ldflags '' -o bin/bdd-gh-1586076068 main.go

Showing logs for build [32mcb-kubecd-bdd-gh-1586076068-pr-zxp99-1[0m stage [32mfrom-build-pack[0m and container [32mstep-build-container-build[0m
[36mINFO[0m[0000] No base image, nothing to extract            
[36mINFO[0m[0000] cmd: EXPOSE                                  
[36mINFO[0m[0000] Adding exposed port: 8080/tcp                
[36mINFO[0m[0000] Using files from context: [/workspace/source/bin] 
[36mINFO[0m[0000] Skipping unpacking as no commands require it. 
[36mINFO[0m[0000] Taking snapshot of full filesystem...        
[36mINFO[0m[0000] EXPOSE 8080                                  
[36mINFO[0m[0000] cmd: EXPOSE                                  
[36mINFO[0m[0000] Adding exposed port: 8080/tcp                
[36mINFO[0m[0000] No files changed in this command, skipping snapshotting. 
[36mINFO[0m[0000] ENTRYPOINT ["/bdd-gh-1586076068"]            
[36mINFO[0m[0000] No files changed in this command, skipping snapshotting. 
[36mINFO[0m[0000] Using files from context: [/workspace/source/bin] 
[36mINFO[0m[0000] COPY ./bin/ /                                
[36mINFO[0m[0000] Taking snapshot of files...                  
2020/04/05 09:00:47 pushed blob: sha256:b676f4a2c181c825f79640ab3b0080ad653cf1418334972be2576bd26d00ddb0
2020/04/05 09:00:48 pushed blob: sha256:e30389df7a01b8f1ca3a09f86a770b440c7e4ce4a9366f0a0dadc0b04dcd0caf
2020/04/05 09:00:50 gcr.io/jenkins-x-bdd3/bdd-gh-1586076068:0.0.0-SNAPSHOT-PR-1-1: digest: sha256:39b27aea8dc0b15eef12c28455a4e50f144d82544cc0fbc4df401f3d89ee03ea size: 428

Showing logs for build [32mcb-kubecd-bdd-gh-1586076068-pr-zxp99-1[0m stage [32mfrom-build-pack[0m and container [32mstep-postbuild-post-build[0m
no CVE provider running in the current ** namespace so skip adding image to be analysed

Showing logs for build [32mcb-kubecd-bdd-gh-1586076068-pr-zxp99-1[0m stage [32mfrom-build-pack[0m and container [32mstep-promote-make-preview[0m
sed -i -e "s/version:.*/version: 0.0.0-SNAPSHOT-PR-1-1/" Chart.yaml
sed -i -e "s/version:.*/version: 0.0.0-SNAPSHOT-PR-1-1/" ../*/Chart.yaml
sed -i -e "s|repository:.*|repository: gcr.io\/jenkins-x-bdd3\/bdd-gh-1586076068|" values.yaml
sed -i -e "s/tag:.*/tag: 0.0.0-SNAPSHOT-PR-1-1/" values.yaml
echo "  version: 0.0.0-SNAPSHOT-PR-1-1" >> requirements.yaml
** step helm build
WARNING: No $CHART_REPOSITORY defined so using the default value of: http://jenkins-x-chartmuseum:8080
Adding missing Helm repo: storage.googleapis.com https://storage.googleapis.com/chartmuseum.jenkins-x.io
WARNING: No secrets found on "helm/repos" due: reading the secret "helm/repos" from vault: no secret "helm/repos" not found in vault
Read credentials for https://storage.googleapis.com/chartmuseum.jenkins-x.io from vault helm/repos
Successfully added Helm repository storage.googleapis.com.
Adding missing Helm repo: jenkins-x-chartmuseum http://jenkins-x-chartmuseum:8080
WARNING: No secrets found on "helm/repos" due: reading the secret "helm/repos" from vault: no secret "helm/repos" not found in vault
Read credentials for http://jenkins-x-chartmuseum:8080 from vault helm/repos
Successfully added Helm repository jenkins-x-chartmuseum.
WARNING: No $CHART_REPOSITORY defined so using the default value of: http://jenkins-x-chartmuseum:8080
Adding missing Helm repo: chartmuseum.jenkins-x.io http://chartmuseum.jenkins-x.io
WARNING: No secrets found on "helm/repos" due: reading the secret "helm/repos" from vault: no secret "helm/repos" not found in vault
Read credentials for http://chartmuseum.jenkins-x.io from vault helm/repos
Successfully added Helm repository chartmuseum.jenkins-x.io.

Showing logs for build [32mcb-kubecd-bdd-gh-1586076068-pr-zxp99-1[0m stage [32mfrom-build-pack[0m and container [32mstep-promote-jx-preview[0m
Creating a preview
Created environment cb-kubecd-bdd-gh-1586076068-pr-1
Namespace **-cb-kubecd-bdd-gh-1586076068-pr-1 created 
expose:
  Annotations:
    helm.sh/hook: post-install,post-upgrade
    helm.sh/hook-delete-policy: hook-succeeded
  config:
    domain: 35.187.53.244.nip.io
    exposer: Ingress
    http: "true"
preview:
  image:
    repository: gcr.io/jenkins-x-bdd3/bdd-gh-1586076068
    tag: 0.0.0-SNAPSHOT-PR-1-1

Updating PipelineActivities cb-kubecd-bdd-gh-1586076068-pr-1-1 which has status Running
Preview application is now available at: http://bdd-gh-1586076068.**-cb-kubecd-bdd-gh-1586076068-pr-1.35.187.53.244.nip.io
